<?xml version="1.0" encoding="UTF-8"?>
<!-- Generated by org.testng.reporters.JUnitReportReporter -->
<testsuite hostname="hp" failures="0" tests="1" name="Base.base" time="16.749" errors="0" timestamp="2023-02-26T18:23:48 IST" skipped="0">
  <testcase classname="Base.base" name="MovieDetailComparision" time="16.749"/>
  <system-out/>
</testsuite> <!-- Base.base -->
