<?xml version="1.0" encoding="UTF-8"?>
<!-- Generated by org.testng.reporters.JUnitReportReporter -->
<testsuite hostname="hp" failures="0" tests="1" name="Pages.imb" time="7.709" errors="0" timestamp="2023-02-24T14:33:45 IST" skipped="0">
  <testcase classname="Pages.imb" name="intitilaize" time="7.709"/>
  <system-out/>
</testsuite> <!-- Pages.imb -->
