<?xml version="1.0" encoding="UTF-8"?>
<!-- Generated by org.testng.reporters.JUnitReportReporter -->
<testsuite hostname="hp" failures="0" tests="1" name="TestFiles.imbd_test" time="19.960" errors="0" timestamp="2023-02-25T13:54:27 IST" skipped="0">
  <testcase classname="TestFiles.imbd_test" name="intitilaize" time="19.960"/>
  <system-out/>
</testsuite> <!-- TestFiles.imbd_test -->
