<?xml version="1.0" encoding="UTF-8"?>
<!-- Generated by org.testng.reporters.JUnitReportReporter -->
<testsuite hostname="hp" failures="0" tests="1" name="TestFiles.movieDataComparision" time="15.314" errors="0" timestamp="2023-02-26T18:54:56 IST" skipped="0">
  <testcase classname="TestFiles.movieDataComparision" name="MovieDetailComparision" time="15.314"/>
  <system-out/>
</testsuite> <!-- TestFiles.movieDataComparision -->
